{"level":"warn","message":"Environment configuration warnings:","meta":{},"timestamp":"2025-06-01 21:50:20:5020"}
{"level":"warn","message":"- Using default value for CACHE_ENABLED: true","meta":{},"timestamp":"2025-06-01 21:50:20:5020"}
{"level":"warn","message":"- Using default value for CACHE_DURATION: 300","meta":{},"timestamp":"2025-06-01 21:50:20:5020"}
{"level":"warn","message":"- Using default value for SECURE_COOKIES: false","meta":{},"timestamp":"2025-06-01 21:50:20:5020"}
{"level":"info","message":"Environment configuration validated successfully","meta":{},"timestamp":"2025-06-01 21:50:20:5020"}
{"level":"info","message":"Active configuration:","meta":{"CACHE_DURATION":"300","CACHE_ENABLED":"true","CORS_ORIGIN":"http://localhost:3000","MAX_REQUEST_SIZE":"50mb","NODE_ENV":"development","PORT":"5000","RATE_LIMIT_MAX_REQUESTS":"100","RATE_LIMIT_WINDOW":"900000"},"timestamp":"2025-06-01 21:50:20:5020"}
{"level":"info","message":"MongoDB Connected: localhost","meta":{},"timestamp":"2025-06-01 21:50:21:5021"}
{"level":"warn","message":"MongoDB disconnected. Attempting to reconnect...","meta":{},"timestamp":"2025-06-01 21:50:36:5036"}
{"level":"warn","message":"Environment configuration warnings:","meta":{},"timestamp":"2025-06-01 21:50:39:5039"}
{"level":"warn","message":"- Using default value for CACHE_ENABLED: true","meta":{},"timestamp":"2025-06-01 21:50:39:5039"}
{"level":"warn","message":"- Using default value for CACHE_DURATION: 300","meta":{},"timestamp":"2025-06-01 21:50:39:5039"}
{"level":"warn","message":"- Using default value for SECURE_COOKIES: false","meta":{},"timestamp":"2025-06-01 21:50:39:5039"}
{"level":"info","message":"Environment configuration validated successfully","meta":{},"timestamp":"2025-06-01 21:50:39:5039"}
{"level":"info","message":"Active configuration:","meta":{"CACHE_DURATION":"300","CACHE_ENABLED":"true","CORS_ORIGIN":"http://localhost:3000","MAX_REQUEST_SIZE":"50mb","NODE_ENV":"development","PORT":"5000","RATE_LIMIT_MAX_REQUESTS":"100","RATE_LIMIT_WINDOW":"900000"},"timestamp":"2025-06-01 21:50:39:5039"}
{"level":"info","message":"MongoDB Connected: localhost","meta":{},"timestamp":"2025-06-01 21:50:39:5039"}
{"level":"warn","message":"MongoDB disconnected. Attempting to reconnect...","meta":{},"timestamp":"2025-06-01 21:50:54:5054"}
{"level":"warn","message":"Environment configuration warnings:","meta":{},"timestamp":"2025-06-01 21:53:30:5330"}
{"level":"warn","message":"- Using default value for CACHE_ENABLED: true","meta":{},"timestamp":"2025-06-01 21:53:30:5330"}
{"level":"warn","message":"- Using default value for CACHE_DURATION: 300","meta":{},"timestamp":"2025-06-01 21:53:30:5330"}
{"level":"warn","message":"- Using default value for SECURE_COOKIES: false","meta":{},"timestamp":"2025-06-01 21:53:30:5330"}
{"level":"info","message":"Environment configuration validated successfully","meta":{},"timestamp":"2025-06-01 21:53:30:5330"}
{"level":"info","message":"Active configuration:","meta":{"CACHE_DURATION":"300","CACHE_ENABLED":"true","CORS_ORIGIN":"http://localhost:3000","MAX_REQUEST_SIZE":"50mb","NODE_ENV":"development","PORT":"5000","RATE_LIMIT_MAX_REQUESTS":"100","RATE_LIMIT_WINDOW":"900000"},"timestamp":"2025-06-01 21:53:30:5330"}
{"level":"info","message":"MongoDB Connected: localhost","meta":{},"timestamp":"2025-06-01 21:53:31:5331"}
{"level":"warn","message":"MongoDB disconnected. Attempting to reconnect...","meta":{},"timestamp":"2025-06-01 21:53:48:5348"}
{"level":"warn","message":"Environment configuration warnings:","meta":{},"timestamp":"2025-06-01 21:54:52:5452"}
{"level":"warn","message":"- Using default value for CACHE_ENABLED: true","meta":{},"timestamp":"2025-06-01 21:54:52:5452"}
{"level":"warn","message":"- Using default value for CACHE_DURATION: 300","meta":{},"timestamp":"2025-06-01 21:54:52:5452"}
{"level":"warn","message":"- Using default value for SECURE_COOKIES: false","meta":{},"timestamp":"2025-06-01 21:54:52:5452"}
{"level":"info","message":"Environment configuration validated successfully","meta":{},"timestamp":"2025-06-01 21:54:52:5452"}
{"level":"info","message":"Active configuration:","meta":{"CACHE_DURATION":"300","CACHE_ENABLED":"true","CORS_ORIGIN":"http://localhost:3000","MAX_REQUEST_SIZE":"50mb","NODE_ENV":"development","PORT":"5000","RATE_LIMIT_MAX_REQUESTS":"100","RATE_LIMIT_WINDOW":"900000"},"timestamp":"2025-06-01 21:54:52:5452"}
{"level":"info","message":"MongoDB Connected: localhost","meta":{},"timestamp":"2025-06-01 21:54:53:5453"}
{"level":"warn","message":"MongoDB disconnected. Attempting to reconnect...","meta":{},"timestamp":"2025-06-01 21:55:54:5554"}
{"level":"warn","message":"Environment configuration warnings:","meta":{},"timestamp":"2025-06-01 21:57:48:5748"}
{"level":"warn","message":"- Using default value for CACHE_ENABLED: true","meta":{},"timestamp":"2025-06-01 21:57:48:5748"}
{"level":"warn","message":"- Using default value for CACHE_DURATION: 300","meta":{},"timestamp":"2025-06-01 21:57:48:5748"}
{"level":"warn","message":"- Using default value for SECURE_COOKIES: false","meta":{},"timestamp":"2025-06-01 21:57:48:5748"}
{"level":"info","message":"Environment configuration validated successfully","meta":{},"timestamp":"2025-06-01 21:57:48:5748"}
{"level":"info","message":"Active configuration:","meta":{"CACHE_DURATION":"300","CACHE_ENABLED":"true","CORS_ORIGIN":"http://localhost:3000","MAX_REQUEST_SIZE":"50mb","NODE_ENV":"development","PORT":"5000","RATE_LIMIT_MAX_REQUESTS":"100","RATE_LIMIT_WINDOW":"900000"},"timestamp":"2025-06-01 21:57:48:5748"}
{"level":"info","message":"MongoDB Connected: localhost","meta":{},"timestamp":"2025-06-01 21:57:48:5748"}
{"level":"warn","message":"MongoDB disconnected. Attempting to reconnect...","meta":{},"timestamp":"2025-06-01 21:58:10:5810"}
{"level":"warn","message":"Environment configuration warnings:","meta":{},"timestamp":"2025-06-01 21:58:40:5840"}
{"level":"warn","message":"- Using default value for CACHE_ENABLED: true","meta":{},"timestamp":"2025-06-01 21:58:40:5840"}
{"level":"warn","message":"- Using default value for CACHE_DURATION: 300","meta":{},"timestamp":"2025-06-01 21:58:40:5840"}
{"level":"warn","message":"- Using default value for SECURE_COOKIES: false","meta":{},"timestamp":"2025-06-01 21:58:40:5840"}
{"level":"info","message":"Environment configuration validated successfully","meta":{},"timestamp":"2025-06-01 21:58:40:5840"}
{"level":"info","message":"Active configuration:","meta":{"CACHE_DURATION":"300","CACHE_ENABLED":"true","CORS_ORIGIN":"http://localhost:3000","MAX_REQUEST_SIZE":"50mb","NODE_ENV":"development","PORT":"5000","RATE_LIMIT_MAX_REQUESTS":"100","RATE_LIMIT_WINDOW":"900000"},"timestamp":"2025-06-01 21:58:40:5840"}
{"level":"info","message":"MongoDB Connected: localhost","meta":{},"timestamp":"2025-06-01 21:58:40:5840"}
{"level":"warn","message":"MongoDB disconnected. Attempting to reconnect...","meta":{},"timestamp":"2025-06-01 21:58:54:5854"}
{"level":"warn","message":"Environment configuration warnings:","meta":{},"timestamp":"2025-06-01 22:00:57:057"}
{"level":"warn","message":"- Using default value for CACHE_ENABLED: true","meta":{},"timestamp":"2025-06-01 22:00:57:057"}
{"level":"warn","message":"- Using default value for CACHE_DURATION: 300","meta":{},"timestamp":"2025-06-01 22:00:57:057"}
{"level":"warn","message":"- Using default value for SECURE_COOKIES: false","meta":{},"timestamp":"2025-06-01 22:00:57:057"}
{"level":"info","message":"Environment configuration validated successfully","meta":{},"timestamp":"2025-06-01 22:00:57:057"}
{"level":"info","message":"Active configuration:","meta":{"CACHE_DURATION":"300","CACHE_ENABLED":"true","CORS_ORIGIN":"http://localhost:3000","MAX_REQUEST_SIZE":"50mb","NODE_ENV":"development","PORT":"5000","RATE_LIMIT_MAX_REQUESTS":"100","RATE_LIMIT_WINDOW":"900000"},"timestamp":"2025-06-01 22:00:57:057"}
{"level":"info","message":"MongoDB Connected: localhost","meta":{},"timestamp":"2025-06-01 22:00:58:058"}
{"level":"warn","message":"MongoDB disconnected. Attempting to reconnect...","meta":{},"timestamp":"2025-06-01 22:02:40:240"}
{"level":"warn","message":"Environment configuration warnings:","meta":{},"timestamp":"2025-06-01 22:04:32:432"}
{"level":"warn","message":"- Using default value for CACHE_ENABLED: true","meta":{},"timestamp":"2025-06-01 22:04:32:432"}
{"level":"warn","message":"- Using default value for CACHE_DURATION: 300","meta":{},"timestamp":"2025-06-01 22:04:32:432"}
{"level":"warn","message":"- Using default value for SECURE_COOKIES: false","meta":{},"timestamp":"2025-06-01 22:04:32:432"}
{"level":"info","message":"Environment configuration validated successfully","meta":{},"timestamp":"2025-06-01 22:04:32:432"}
{"level":"info","message":"Active configuration:","meta":{"CACHE_DURATION":"300","CACHE_ENABLED":"true","CORS_ORIGIN":"http://localhost:3000","MAX_REQUEST_SIZE":"50mb","NODE_ENV":"development","PORT":"5000","RATE_LIMIT_MAX_REQUESTS":"100","RATE_LIMIT_WINDOW":"900000"},"timestamp":"2025-06-01 22:04:32:432"}
{"level":"info","message":"MongoDB Connected: localhost","meta":{},"timestamp":"2025-06-01 22:04:32:432"}
{"level":"warn","message":"MongoDB disconnected. Attempting to reconnect...","meta":{},"timestamp":"2025-06-01 22:05:00:50"}
{"level":"warn","message":"Environment configuration warnings:","meta":{},"timestamp":"2025-06-01 22:05:32:532"}
{"level":"warn","message":"- Using default value for CACHE_ENABLED: true","meta":{},"timestamp":"2025-06-01 22:05:32:532"}
{"level":"warn","message":"- Using default value for CACHE_DURATION: 300","meta":{},"timestamp":"2025-06-01 22:05:32:532"}
{"level":"warn","message":"- Using default value for SECURE_COOKIES: false","meta":{},"timestamp":"2025-06-01 22:05:32:532"}
{"level":"info","message":"Environment configuration validated successfully","meta":{},"timestamp":"2025-06-01 22:05:32:532"}
{"level":"info","message":"Active configuration:","meta":{"CACHE_DURATION":"300","CACHE_ENABLED":"true","CORS_ORIGIN":"http://localhost:3000","MAX_REQUEST_SIZE":"50mb","NODE_ENV":"development","PORT":"5000","RATE_LIMIT_MAX_REQUESTS":"100","RATE_LIMIT_WINDOW":"900000"},"timestamp":"2025-06-01 22:05:32:532"}
{"level":"info","message":"MongoDB Connected: localhost","meta":{},"timestamp":"2025-06-01 22:05:32:532"}
{"level":"warn","message":"MongoDB disconnected. Attempting to reconnect...","meta":{},"timestamp":"2025-06-01 22:08:36:836"}
{"level":"warn","message":"Environment configuration warnings:","meta":{},"timestamp":"2025-06-01 22:08:40:840"}
{"level":"warn","message":"- Using default value for CACHE_ENABLED: true","meta":{},"timestamp":"2025-06-01 22:08:40:840"}
{"level":"warn","message":"- Using default value for CACHE_DURATION: 300","meta":{},"timestamp":"2025-06-01 22:08:40:840"}
{"level":"warn","message":"- Using default value for SECURE_COOKIES: false","meta":{},"timestamp":"2025-06-01 22:08:40:840"}
{"level":"info","message":"Environment configuration validated successfully","meta":{},"timestamp":"2025-06-01 22:08:40:840"}
{"level":"info","message":"Active configuration:","meta":{"CACHE_DURATION":"300","CACHE_ENABLED":"true","CORS_ORIGIN":"http://localhost:3000","MAX_REQUEST_SIZE":"50mb","NODE_ENV":"development","PORT":"3001","RATE_LIMIT_MAX_REQUESTS":"100","RATE_LIMIT_WINDOW":"900000"},"timestamp":"2025-06-01 22:08:40:840"}
{"level":"info","message":"MongoDB Connected: localhost","meta":{},"timestamp":"2025-06-01 22:08:40:840"}
{"level":"error","message":{"error":{},"ip":"127.0.0.1","method":"POST","path":"/api/auth/register","user":"unauthenticated"},"meta":{},"timestamp":"2025-06-01 22:12:40:1240"}
{"level":"warn","message":"Environment configuration warnings:","meta":{},"timestamp":"2025-06-01 22:13:14:1314"}
{"level":"warn","message":"- Using default value for CACHE_ENABLED: true","meta":{},"timestamp":"2025-06-01 22:13:14:1314"}
{"level":"warn","message":"- Using default value for CACHE_DURATION: 300","meta":{},"timestamp":"2025-06-01 22:13:14:1314"}
{"level":"warn","message":"- Using default value for SECURE_COOKIES: false","meta":{},"timestamp":"2025-06-01 22:13:14:1314"}
{"level":"info","message":"Environment configuration validated successfully","meta":{},"timestamp":"2025-06-01 22:13:14:1314"}
{"level":"info","message":"Active configuration:","meta":{"CACHE_DURATION":"300","CACHE_ENABLED":"true","CORS_ORIGIN":"http://localhost:3000","MAX_REQUEST_SIZE":"50mb","NODE_ENV":"development","PORT":"3001","RATE_LIMIT_MAX_REQUESTS":"100","RATE_LIMIT_WINDOW":"900000"},"timestamp":"2025-06-01 22:13:14:1314"}
{"level":"info","message":"MongoDB Connected: localhost","meta":{},"timestamp":"2025-06-01 22:13:14:1314"}
{"level":"warn","message":"Environment configuration warnings:","meta":{},"timestamp":"2025-06-01 22:13:41:1341"}
{"level":"warn","message":"- Using default value for CACHE_ENABLED: true","meta":{},"timestamp":"2025-06-01 22:13:41:1341"}
{"level":"warn","message":"- Using default value for CACHE_DURATION: 300","meta":{},"timestamp":"2025-06-01 22:13:41:1341"}
{"level":"warn","message":"- Using default value for SECURE_COOKIES: false","meta":{},"timestamp":"2025-06-01 22:13:41:1341"}
{"level":"info","message":"Environment configuration validated successfully","meta":{},"timestamp":"2025-06-01 22:13:41:1341"}
{"level":"info","message":"Active configuration:","meta":{"CACHE_DURATION":"300","CACHE_ENABLED":"true","CORS_ORIGIN":"http://localhost:3000","MAX_REQUEST_SIZE":"50mb","NODE_ENV":"development","PORT":"3001","RATE_LIMIT_MAX_REQUESTS":"100","RATE_LIMIT_WINDOW":"900000"},"timestamp":"2025-06-01 22:13:41:1341"}
{"level":"info","message":"MongoDB Connected: localhost","meta":{},"timestamp":"2025-06-01 22:13:42:1342"}
{"level":"warn","message":"Environment configuration warnings:","meta":{},"timestamp":"2025-06-01 22:14:27:1427"}
{"level":"warn","message":"- Using default value for CACHE_ENABLED: true","meta":{},"timestamp":"2025-06-01 22:14:27:1427"}
{"level":"warn","message":"- Using default value for CACHE_DURATION: 300","meta":{},"timestamp":"2025-06-01 22:14:27:1427"}
{"level":"warn","message":"- Using default value for SECURE_COOKIES: false","meta":{},"timestamp":"2025-06-01 22:14:27:1427"}
{"level":"info","message":"Environment configuration validated successfully","meta":{},"timestamp":"2025-06-01 22:14:27:1427"}
{"level":"info","message":"Active configuration:","meta":{"CACHE_DURATION":"300","CACHE_ENABLED":"true","CORS_ORIGIN":"http://localhost:3000","MAX_REQUEST_SIZE":"50mb","NODE_ENV":"development","PORT":"3001","RATE_LIMIT_MAX_REQUESTS":"100","RATE_LIMIT_WINDOW":"900000"},"timestamp":"2025-06-01 22:14:27:1427"}
{"level":"info","message":"MongoDB Connected: localhost","meta":{},"timestamp":"2025-06-01 22:14:27:1427"}
{"level":"warn","message":"MongoDB disconnected. Attempting to reconnect...","meta":{},"timestamp":"2025-06-01 22:14:54:1454"}
{"level":"warn","message":"Environment configuration warnings:","meta":{},"timestamp":"2025-06-01 22:15:34:1534"}
{"level":"warn","message":"- Using default value for CACHE_ENABLED: true","meta":{},"timestamp":"2025-06-01 22:15:34:1534"}
{"level":"warn","message":"- Using default value for CACHE_DURATION: 300","meta":{},"timestamp":"2025-06-01 22:15:34:1534"}
{"level":"warn","message":"- Using default value for SECURE_COOKIES: false","meta":{},"timestamp":"2025-06-01 22:15:34:1534"}
{"level":"info","message":"Environment configuration validated successfully","meta":{},"timestamp":"2025-06-01 22:15:34:1534"}
{"level":"info","message":"Active configuration:","meta":{"CACHE_DURATION":"300","CACHE_ENABLED":"true","CORS_ORIGIN":"http://localhost:3000","MAX_REQUEST_SIZE":"50mb","NODE_ENV":"development","PORT":"3001","RATE_LIMIT_MAX_REQUESTS":"100","RATE_LIMIT_WINDOW":"900000"},"timestamp":"2025-06-01 22:15:34:1534"}
{"level":"info","message":"MongoDB Connected: localhost","meta":{},"timestamp":"2025-06-01 22:15:34:1534"}
{"level":"warn","message":"Environment configuration warnings:","meta":{},"timestamp":"2025-06-01 22:15:42:1542"}
{"level":"warn","message":"- Using default value for CACHE_ENABLED: true","meta":{},"timestamp":"2025-06-01 22:15:42:1542"}
{"level":"warn","message":"- Using default value for CACHE_DURATION: 300","meta":{},"timestamp":"2025-06-01 22:15:42:1542"}
{"level":"warn","message":"- Using default value for SECURE_COOKIES: false","meta":{},"timestamp":"2025-06-01 22:15:42:1542"}
{"level":"info","message":"Environment configuration validated successfully","meta":{},"timestamp":"2025-06-01 22:15:42:1542"}
{"level":"info","message":"Active configuration:","meta":{"CACHE_DURATION":"300","CACHE_ENABLED":"true","CORS_ORIGIN":"http://localhost:3000","MAX_REQUEST_SIZE":"50mb","NODE_ENV":"development","PORT":"3001","RATE_LIMIT_MAX_REQUESTS":"100","RATE_LIMIT_WINDOW":"900000"},"timestamp":"2025-06-01 22:15:42:1542"}
{"level":"info","message":"MongoDB Connected: localhost","meta":{},"timestamp":"2025-06-01 22:15:43:1543"}
{"level":"error","message":{"error":{},"ip":"127.0.0.1","method":"POST","path":"/api/auth/register","user":"unauthenticated"},"meta":{},"timestamp":"2025-06-01 22:16:00:160"}
{"level":"warn","message":"Environment configuration warnings:","meta":{},"timestamp":"2025-06-01 22:16:26:1626"}
{"level":"warn","message":"- Using default value for CACHE_ENABLED: true","meta":{},"timestamp":"2025-06-01 22:16:26:1626"}
{"level":"warn","message":"- Using default value for CACHE_DURATION: 300","meta":{},"timestamp":"2025-06-01 22:16:26:1626"}
{"level":"warn","message":"- Using default value for SECURE_COOKIES: false","meta":{},"timestamp":"2025-06-01 22:16:26:1626"}
{"level":"info","message":"Environment configuration validated successfully","meta":{},"timestamp":"2025-06-01 22:16:26:1626"}
{"level":"info","message":"Active configuration:","meta":{"CACHE_DURATION":"300","CACHE_ENABLED":"true","CORS_ORIGIN":"http://localhost:3000","MAX_REQUEST_SIZE":"50mb","NODE_ENV":"development","PORT":"3001","RATE_LIMIT_MAX_REQUESTS":"100","RATE_LIMIT_WINDOW":"900000"},"timestamp":"2025-06-01 22:16:26:1626"}
{"level":"info","message":"MongoDB Connected: localhost","meta":{},"timestamp":"2025-06-01 22:16:27:1627"}
{"level":"warn","message":"Environment configuration warnings:","meta":{},"timestamp":"2025-06-01 22:16:40:1640"}
{"level":"warn","message":"- Using default value for CACHE_ENABLED: true","meta":{},"timestamp":"2025-06-01 22:16:40:1640"}
{"level":"warn","message":"- Using default value for CACHE_DURATION: 300","meta":{},"timestamp":"2025-06-01 22:16:40:1640"}
{"level":"warn","message":"- Using default value for SECURE_COOKIES: false","meta":{},"timestamp":"2025-06-01 22:16:40:1640"}
{"level":"info","message":"Environment configuration validated successfully","meta":{},"timestamp":"2025-06-01 22:16:40:1640"}
{"level":"info","message":"Active configuration:","meta":{"CACHE_DURATION":"300","CACHE_ENABLED":"true","CORS_ORIGIN":"http://localhost:3000","MAX_REQUEST_SIZE":"50mb","NODE_ENV":"development","PORT":"3001","RATE_LIMIT_MAX_REQUESTS":"100","RATE_LIMIT_WINDOW":"900000"},"timestamp":"2025-06-01 22:16:40:1640"}
{"level":"info","message":"MongoDB Connected: localhost","meta":{},"timestamp":"2025-06-01 22:16:40:1640"}
{"level":"warn","message":"Environment configuration warnings:","meta":{},"timestamp":"2025-06-01 22:20:34:2034"}
{"level":"warn","message":"- Using default value for CACHE_ENABLED: true","meta":{},"timestamp":"2025-06-01 22:20:34:2034"}
{"level":"warn","message":"- Using default value for CACHE_DURATION: 300","meta":{},"timestamp":"2025-06-01 22:20:34:2034"}
{"level":"warn","message":"- Using default value for SECURE_COOKIES: false","meta":{},"timestamp":"2025-06-01 22:20:34:2034"}
{"level":"info","message":"Environment configuration validated successfully","meta":{},"timestamp":"2025-06-01 22:20:34:2034"}
{"level":"info","message":"Active configuration:","meta":{"CACHE_DURATION":"300","CACHE_ENABLED":"true","CORS_ORIGIN":"http://localhost:3000","MAX_REQUEST_SIZE":"50mb","NODE_ENV":"development","PORT":"3001","RATE_LIMIT_MAX_REQUESTS":"100","RATE_LIMIT_WINDOW":"900000"},"timestamp":"2025-06-01 22:20:34:2034"}
{"level":"info","message":"MongoDB Connected: localhost","meta":{},"timestamp":"2025-06-01 22:20:35:2035"}
{"level":"warn","message":"Environment configuration warnings:","meta":{},"timestamp":"2025-06-07 12:28:36:2836"}
{"level":"warn","message":"- Using default value for HF_API_URL: https://api-inference.huggingface.co/models/bigcode/starcoder","meta":{},"timestamp":"2025-06-07 12:28:36:2836"}
{"level":"warn","message":"- Using default value for CACHE_ENABLED: true","meta":{},"timestamp":"2025-06-07 12:28:36:2836"}
{"level":"warn","message":"- Using default value for CACHE_DURATION: 300","meta":{},"timestamp":"2025-06-07 12:28:36:2836"}
{"level":"warn","message":"- Using default value for SECURE_COOKIES: false","meta":{},"timestamp":"2025-06-07 12:28:36:2836"}
{"level":"info","message":"Environment configuration validated successfully","meta":{},"timestamp":"2025-06-07 12:28:36:2836"}
{"level":"info","message":"Active configuration:","meta":{"CACHE_DURATION":"300","CACHE_ENABLED":"true","CORS_ORIGIN":"http://localhost:3000","MAX_REQUEST_SIZE":"50mb","NODE_ENV":"development","PORT":"5000","RATE_LIMIT_MAX_REQUESTS":"100","RATE_LIMIT_WINDOW":"900000"},"timestamp":"2025-06-07 12:28:36:2836"}
{"level":"info","message":"MongoDB Connected: localhost","meta":{},"timestamp":"2025-06-07 12:28:36:2836"}
{"level":"error","message":{"error":{"error":{"code":"BAD_REQUEST","details":null,"message":"Invalid ID format","stack":"Error: Invalid ID format\n    at ErrorResponse.badRequest (C:\\Users\\91879\\OneDrive\\Documents\\GitHub\\CodeMentor--AI\\server\\utils\\ErrorResponse.js:44:12)\n    at handleError (C:\\Users\\91879\\OneDrive\\Documents\\GitHub\\CodeMentor--AI\\server\\middleware\\async.js:11:33)\n    at process.processTicksAndRejections (node:internal/process/task_queues:105:5)","statusCode":400},"success":false},"ip":"127.0.0.1","method":"GET","path":"/api/problems/1","user":"unauthenticated"},"meta":{},"timestamp":"2025-06-07 13:00:52:052"}
{"level":"error","message":{"error":{"error":{"code":"BAD_REQUEST","details":null,"message":"Invalid ID format","stack":"Error: Invalid ID format\n    at ErrorResponse.badRequest (C:\\Users\\91879\\OneDrive\\Documents\\GitHub\\CodeMentor--AI\\server\\utils\\ErrorResponse.js:44:12)\n    at handleError (C:\\Users\\91879\\OneDrive\\Documents\\GitHub\\CodeMentor--AI\\server\\middleware\\async.js:11:33)\n    at process.processTicksAndRejections (node:internal/process/task_queues:105:5)","statusCode":400},"success":false},"ip":"127.0.0.1","method":"GET","path":"/api/problems/1","user":"unauthenticated"},"meta":{},"timestamp":"2025-06-07 13:00:52:052"}
{"level":"error","message":{"error":{"error":{"code":"BAD_REQUEST","details":null,"message":"Invalid ID format","stack":"Error: Invalid ID format\n    at ErrorResponse.badRequest (C:\\Users\\91879\\OneDrive\\Documents\\GitHub\\CodeMentor--AI\\server\\utils\\ErrorResponse.js:44:12)\n    at handleError (C:\\Users\\91879\\OneDrive\\Documents\\GitHub\\CodeMentor--AI\\server\\middleware\\async.js:11:33)\n    at process.processTicksAndRejections (node:internal/process/task_queues:105:5)","statusCode":400},"success":false},"ip":"127.0.0.1","method":"GET","path":"/api/problems/discussions","user":"unauthenticated"},"meta":{},"timestamp":"2025-06-07 16:08:16:816"}
{"level":"error","message":{"error":{"error":{"code":"BAD_REQUEST","details":null,"message":"Invalid ID format","stack":"Error: Invalid ID format\n    at ErrorResponse.badRequest (C:\\Users\\91879\\OneDrive\\Documents\\GitHub\\CodeMentor--AI\\server\\utils\\ErrorResponse.js:44:12)\n    at handleError (C:\\Users\\91879\\OneDrive\\Documents\\GitHub\\CodeMentor--AI\\server\\middleware\\async.js:11:33)\n    at process.processTicksAndRejections (node:internal/process/task_queues:105:5)","statusCode":400},"success":false},"ip":"127.0.0.1","method":"GET","path":"/api/problems/discussions","user":"unauthenticated"},"meta":{},"timestamp":"2025-06-07 16:08:16:816"}
{"level":"error","message":{"error":{"error":{"code":"BAD_REQUEST","details":null,"message":"Invalid ID format","stack":"Error: Invalid ID format\n    at ErrorResponse.badRequest (C:\\Users\\91879\\OneDrive\\Documents\\GitHub\\CodeMentor--AI\\server\\utils\\ErrorResponse.js:44:12)\n    at handleError (C:\\Users\\91879\\OneDrive\\Documents\\GitHub\\CodeMentor--AI\\server\\middleware\\async.js:11:33)\n    at process.processTicksAndRejections (node:internal/process/task_queues:105:5)","statusCode":400},"success":false},"ip":"127.0.0.1","method":"GET","path":"/api/problems/discussions","user":"unauthenticated"},"meta":{},"timestamp":"2025-06-07 16:11:41:1141"}
{"level":"error","message":{"error":{"error":{"code":"BAD_REQUEST","details":null,"message":"Invalid ID format","stack":"Error: Invalid ID format\n    at ErrorResponse.badRequest (C:\\Users\\91879\\OneDrive\\Documents\\GitHub\\CodeMentor--AI\\server\\utils\\ErrorResponse.js:44:12)\n    at handleError (C:\\Users\\91879\\OneDrive\\Documents\\GitHub\\CodeMentor--AI\\server\\middleware\\async.js:11:33)\n    at process.processTicksAndRejections (node:internal/process/task_queues:105:5)","statusCode":400},"success":false},"ip":"127.0.0.1","method":"GET","path":"/api/problems/discussions","user":"unauthenticated"},"meta":{},"timestamp":"2025-06-07 16:11:41:1141"}
{"level":"error","message":{"error":{"error":{"code":"BAD_REQUEST","details":null,"message":"Invalid ID format","stack":"Error: Invalid ID format\n    at ErrorResponse.badRequest (C:\\Users\\91879\\OneDrive\\Documents\\GitHub\\CodeMentor--AI\\server\\utils\\ErrorResponse.js:44:12)\n    at handleError (C:\\Users\\91879\\OneDrive\\Documents\\GitHub\\CodeMentor--AI\\server\\middleware\\async.js:11:33)\n    at process.processTicksAndRejections (node:internal/process/task_queues:105:5)","statusCode":400},"success":false},"ip":"127.0.0.1","method":"GET","path":"/api/problems/discussions","user":"unauthenticated"},"meta":{},"timestamp":"2025-06-07 16:11:42:1142"}
{"level":"error","message":{"error":{"error":{"code":"BAD_REQUEST","details":null,"message":"Invalid ID format","stack":"Error: Invalid ID format\n    at ErrorResponse.badRequest (C:\\Users\\91879\\OneDrive\\Documents\\GitHub\\CodeMentor--AI\\server\\utils\\ErrorResponse.js:44:12)\n    at handleError (C:\\Users\\91879\\OneDrive\\Documents\\GitHub\\CodeMentor--AI\\server\\middleware\\async.js:11:33)\n    at process.processTicksAndRejections (node:internal/process/task_queues:105:5)","statusCode":400},"success":false},"ip":"127.0.0.1","method":"GET","path":"/api/problems/discussions","user":"unauthenticated"},"meta":{},"timestamp":"2025-06-07 16:14:02:142"}
{"level":"error","message":{"error":{"error":{"code":"BAD_REQUEST","details":null,"message":"Invalid ID format","stack":"Error: Invalid ID format\n    at ErrorResponse.badRequest (C:\\Users\\91879\\OneDrive\\Documents\\GitHub\\CodeMentor--AI\\server\\utils\\ErrorResponse.js:44:12)\n    at handleError (C:\\Users\\91879\\OneDrive\\Documents\\GitHub\\CodeMentor--AI\\server\\middleware\\async.js:11:33)\n    at process.processTicksAndRejections (node:internal/process/task_queues:105:5)","statusCode":400},"success":false},"ip":"127.0.0.1","method":"GET","path":"/api/problems/discussions","user":"unauthenticated"},"meta":{},"timestamp":"2025-06-07 16:15:37:1537"}
{"level":"error","message":{"error":{"error":{"code":"BAD_REQUEST","details":null,"message":"Invalid ID format","stack":"Error: Invalid ID format\n    at ErrorResponse.badRequest (C:\\Users\\91879\\OneDrive\\Documents\\GitHub\\CodeMentor--AI\\server\\utils\\ErrorResponse.js:44:12)\n    at handleError (C:\\Users\\91879\\OneDrive\\Documents\\GitHub\\CodeMentor--AI\\server\\middleware\\async.js:11:33)\n    at process.processTicksAndRejections (node:internal/process/task_queues:105:5)","statusCode":400},"success":false},"ip":"127.0.0.1","method":"GET","path":"/api/problems/discussions","user":"unauthenticated"},"meta":{},"timestamp":"2025-06-07 16:19:30:1930"}
{"level":"error","message":{"error":{"error":{"code":"BAD_REQUEST","details":null,"message":"Invalid ID format","stack":"Error: Invalid ID format\n    at ErrorResponse.badRequest (C:\\Users\\91879\\OneDrive\\Documents\\GitHub\\CodeMentor--AI\\server\\utils\\ErrorResponse.js:44:12)\n    at handleError (C:\\Users\\91879\\OneDrive\\Documents\\GitHub\\CodeMentor--AI\\server\\middleware\\async.js:11:33)\n    at process.processTicksAndRejections (node:internal/process/task_queues:105:5)","statusCode":400},"success":false},"ip":"127.0.0.1","method":"GET","path":"/api/problems/discussions","user":"unauthenticated"},"meta":{},"timestamp":"2025-06-07 16:19:31:1931"}
{"level":"error","message":{"error":{"error":{"code":"BAD_REQUEST","details":null,"message":"Invalid ID format","stack":"Error: Invalid ID format\n    at ErrorResponse.badRequest (C:\\Users\\91879\\OneDrive\\Documents\\GitHub\\CodeMentor--AI\\server\\utils\\ErrorResponse.js:44:12)\n    at handleError (C:\\Users\\91879\\OneDrive\\Documents\\GitHub\\CodeMentor--AI\\server\\middleware\\async.js:11:33)\n    at process.processTicksAndRejections (node:internal/process/task_queues:105:5)","statusCode":400},"success":false},"ip":"127.0.0.1","method":"GET","path":"/api/problems/discussions","user":"unauthenticated"},"meta":{},"timestamp":"2025-06-07 16:19:31:1931"}
{"level":"error","message":{"error":{"error":{"code":"BAD_REQUEST","details":null,"message":"Invalid ID format","stack":"Error: Invalid ID format\n    at ErrorResponse.badRequest (C:\\Users\\91879\\OneDrive\\Documents\\GitHub\\CodeMentor--AI\\server\\utils\\ErrorResponse.js:44:12)\n    at handleError (C:\\Users\\91879\\OneDrive\\Documents\\GitHub\\CodeMentor--AI\\server\\middleware\\async.js:11:33)\n    at process.processTicksAndRejections (node:internal/process/task_queues:105:5)","statusCode":400},"success":false},"ip":"127.0.0.1","method":"GET","path":"/api/problems/discussions","user":"unauthenticated"},"meta":{},"timestamp":"2025-06-07 16:23:36:2336"}
{"level":"error","message":{"error":{"error":{"code":"BAD_REQUEST","details":null,"message":"Invalid ID format","stack":"Error: Invalid ID format\n    at ErrorResponse.badRequest (C:\\Users\\91879\\OneDrive\\Documents\\GitHub\\CodeMentor--AI\\server\\utils\\ErrorResponse.js:44:12)\n    at handleError (C:\\Users\\91879\\OneDrive\\Documents\\GitHub\\CodeMentor--AI\\server\\middleware\\async.js:11:33)\n    at process.processTicksAndRejections (node:internal/process/task_queues:105:5)","statusCode":400},"success":false},"ip":"127.0.0.1","method":"GET","path":"/api/problems/discussions","user":"unauthenticated"},"meta":{},"timestamp":"2025-06-07 16:23:36:2336"}
{"level":"error","message":{"error":{"error":{"code":"BAD_REQUEST","details":null,"message":"Invalid ID format","stack":"Error: Invalid ID format\n    at ErrorResponse.badRequest (C:\\Users\\91879\\OneDrive\\Documents\\GitHub\\CodeMentor--AI\\server\\utils\\ErrorResponse.js:44:12)\n    at handleError (C:\\Users\\91879\\OneDrive\\Documents\\GitHub\\CodeMentor--AI\\server\\middleware\\async.js:11:33)\n    at process.processTicksAndRejections (node:internal/process/task_queues:105:5)","statusCode":400},"success":false},"ip":"127.0.0.1","method":"GET","path":"/api/problems/discussions","user":"unauthenticated"},"meta":{},"timestamp":"2025-06-07 16:23:37:2337"}
{"level":"info","message":"Environment configuration validated successfully","timestamp":"2025-06-07 16:43:45:6426"}
{"level":"info","message":"MongoDB Connected: localhost","timestamp":"2025-06-07 16:43:46:8529"}
{"level":"info","message":"Environment configuration validated successfully","timestamp":"2025-06-07 17:07:52:95910"}
{"level":"info","message":"MongoDB Connected: localhost","timestamp":"2025-06-07 17:07:53:4975"}
{"level":"info","message":"Environment configuration validated successfully","timestamp":"2025-06-08 09:53:47:6306"}
{"level":"info","message":"MongoDB Connected: localhost","timestamp":"2025-06-08 09:53:48:1842"}
{"level":"info","message":"Environment configuration validated successfully","timestamp":"2025-06-08 10:22:58:8308"}
{"level":"info","message":"MongoDB Connected: localhost","timestamp":"2025-06-08 10:22:59:4985"}
{"level":"info","message":"Environment configuration validated successfully","timestamp":"2025-06-08 10:39:52:1632"}
{"level":"info","message":"MongoDB Connected: localhost","timestamp":"2025-06-08 10:39:52:4965"}
{"level":"info","message":"Environment configuration validated successfully","timestamp":"2025-06-08 10:43:21:3153"}
{"level":"info","message":"MongoDB Connected: localhost","timestamp":"2025-06-08 10:43:21:6396"}
{"level":"info","message":"Environment configuration validated successfully","timestamp":"2025-06-08 10:58:26:2172"}
{"level":"info","message":"MongoDB Connected: localhost","timestamp":"2025-06-08 10:58:26:96310"}
{"level":"info","message":"Environment configuration validated successfully","timestamp":"2025-06-08 11:04:00:8859"}
{"level":"info","message":"MongoDB Connected: localhost","timestamp":"2025-06-08 11:04:01:4244"}
{"level":"info","message":"Environment configuration validated successfully","timestamp":"2025-06-08 11:06:08:2432"}
{"level":"info","message":"MongoDB Connected: localhost","timestamp":"2025-06-08 11:06:08:7888"}
{"level":"info","message":"Environment configuration validated successfully","timestamp":"2025-06-08 11:06:50:3624"}
{"level":"info","message":"MongoDB Connected: localhost","timestamp":"2025-06-08 11:06:50:5546"}
{"level":"warn","message":"MongoDB disconnected. Attempting to reconnect...","timestamp":"2025-06-08 14:46:02:7417"}
{"level":"info","message":"MongoDB reconnected","timestamp":"2025-06-08 14:46:13:3163"}
{"level":"info","message":"Environment configuration validated successfully","timestamp":"2025-06-09 08:32:39:8949"}
{"level":"info","message":"MongoDB Connected: localhost","timestamp":"2025-06-09 08:32:42:9099"}
{"level":"info","message":"Environment configuration validated successfully","timestamp":"2025-06-09 08:44:11:3093"}
{"level":"info","message":"MongoDB Connected: localhost","timestamp":"2025-06-09 08:44:12:0921"}
{"level":"info","message":"Environment configuration validated successfully","timestamp":"2025-06-09 09:09:56:8098"}
{"level":"info","message":"MongoDB Connected: localhost","timestamp":"2025-06-09 09:09:57:5005"}
{"level":"warn","message":"MongoDB disconnected. Attempting to reconnect...","timestamp":"2025-06-09 10:11:09:1732"}
{"level":"info","message":"MongoDB reconnected","timestamp":"2025-06-09 10:11:19:7007"}
